2018-06-23 09:52:50,437 [1] INFO  FirServer.Startup [(null)] - Startup.Configure------------------->>>>
2018-06-23 10:00:03,646 [1] INFO  FirServer.Startup [(null)] - Startup.Configure------------------->>>>
2018-06-23 10:01:38,052 [1] INFO  FirServer.Startup [(null)] - Startup.Configure------------------->>>>
2018-06-23 10:04:18,901 [1] INFO  FirServer.Startup [(null)] - Startup.Configure------------------->>>>
2018-06-23 10:11:59,582 [1] INFO  FirServer.Startup [(null)] - Startup.Configure------------------->>>>
2018-06-23 10:14:31,809 [1] INFO  FirServer.Startup [(null)] - Startup.Configure------------------->>>>
2018-06-23 10:14:48,195 [1] INFO  FirServer.Startup [(null)] - Startup.Configure------------------->>>>
2018-06-23 10:16:33,503 [1] INFO  FirServer.Startup [(null)] - Startup.Configure------------------->>>>
2018-06-23 10:17:24,262 [1] INFO  FirServer.Startup [(null)] - Startup.Configure------------------->>>>
2018-06-23 10:23:32,259 [1] INFO  FirServer.Startup [(null)] - Startup.Configure------------------->>>>
2018-06-23 10:24:52,518 [1] INFO  FirServer.Startup [(null)] - Startup.Configure------------------->>>>
2018-06-23 15:44:48,306 [1] INFO  FirServer.Startup [(null)] - Startup.Configure------------------->>>>
2018-06-23 15:47:40,316 [1] INFO  FirServer.Startup [(null)] - Startup.Configure------------------->>>>
2018-06-23 15:51:12,564 [1] INFO  FirServer.Startup [(null)] - Startup.Configure------------------->>>>
2018-06-23 15:51:32,687 [1] INFO  FirServer.Startup [(null)] - Startup.Configure------------------->>>>
2018-06-23 21:14:56,675 [1] INFO  FirServer.Startup [(null)] - Startup.Configure------------------->>>>
2018-06-23 21:15:20,735 [1] INFO  FirServer.Startup [(null)] - Startup.Configure------------------->>>>
2018-06-24 09:40:37,767 [1] INFO  FirServer.Common.MessageCenter [(null)] - Initialize Success!!!
2018-06-24 09:40:37,913 [1] INFO  FirServer.Common.ManagerCenter [(null)] - Initialize Success!!!
2018-06-24 09:40:37,917 [1] INFO  FirServer.Startup [(null)] - Startup.Configure------------------->>>>
2018-06-24 09:53:13,214 [1] INFO  FirServer.Common.MessageCenter [(null)] - Initialize Success!!!
2018-06-24 09:53:13,264 [1] INFO  FirServer.Common.ManagerCenter [(null)] - Initialize Success!!!
2018-06-24 09:53:13,266 [1] INFO  FirServer.Startup [(null)] - Startup.Configure------------------->>>>
2018-06-24 10:17:52,720 [1] INFO  FirServer.Common.MessageCenter [(null)] - Initialize Success!!!
2018-06-24 10:17:52,789 [1] INFO  FirServer.Common.ManagerCenter [(null)] - Initialize Success!!!
2018-06-24 10:17:52,791 [1] INFO  FirServer.Startup [(null)] - Startup.Configure------------------->>>>
2018-06-24 10:19:40,047 [1] INFO  FirServer.Common.MessageCenter [(null)] - Initialize Success!!!
2018-06-24 10:19:40,127 [1] INFO  FirServer.Common.ManagerCenter [(null)] - Initialize Success!!!
2018-06-24 10:19:40,130 [1] INFO  FirServer.Startup [(null)] - Startup.Configure------------------->>>>
2018-06-24 10:22:04,459 [1] INFO  FirServer.Common.MessageCenter [(null)] - Initialize Success!!!
2018-06-24 10:22:04,510 [1] INFO  FirServer.Common.ManagerCenter [(null)] - Initialize Success!!!
2018-06-24 10:22:04,512 [1] INFO  FirServer.Startup [(null)] - Startup.Configure------------------->>>>
2018-06-24 10:45:39,319 [16] DEBUG FirServer.Controllers.GatewayController [(null)] - action:user method:register data:{"username":"jarjin", "password":"testpwd"}
2018-06-24 10:45:53,016 [9] DEBUG FirServer.Controllers.GatewayController [(null)] - action:user method:register data:{"username":"jarjin", "password":"testpwd"}
2018-06-24 10:46:11,464 [1] INFO  FirServer.Common.MessageCenter [(null)] - Initialize Success!!!
2018-06-24 10:46:11,535 [1] INFO  FirServer.Common.ManagerCenter [(null)] - Initialize Success!!!
2018-06-24 10:46:11,538 [1] INFO  FirServer.Startup [(null)] - Startup.Configure------------------->>>>
2018-06-24 10:46:41,195 [8] DEBUG FirServer.Controllers.GatewayController [(null)] - action:user method:register data:{"username":"jarjin", "password":"testpwd"}
2018-06-24 12:54:42,482 [1] INFO  FirServer.Common.MessageCenter [(null)] - Initialize Success!!!
2018-06-24 12:54:42,562 [1] INFO  FirServer.Common.ManagerCenter [(null)] - Initialize Success!!!
2018-06-24 12:54:42,565 [1] INFO  FirServer.Startup [(null)] - Startup.Configure------------------->>>>
2018-06-24 12:59:35,614 [8] DEBUG FirServer.Controllers.GatewayController [(null)] - action:user method:register data:{"username":"jarjin", "password":"testpwd"}
2018-06-24 13:01:05,996 [1] INFO  FirServer.Common.MessageCenter [(null)] - Initialize Success!!!
2018-06-24 13:01:06,086 [1] INFO  FirServer.Common.ManagerCenter [(null)] - Initialize Success!!!
2018-06-24 13:01:06,090 [1] INFO  FirServer.Startup [(null)] - Startup.Configure------------------->>>>
2018-06-24 13:01:17,689 [1] INFO  FirServer.Common.MessageCenter [(null)] - Initialize Success!!!
2018-06-24 13:01:17,773 [1] INFO  FirServer.Common.ManagerCenter [(null)] - Initialize Success!!!
2018-06-24 13:01:17,775 [1] INFO  FirServer.Startup [(null)] - Startup.Configure------------------->>>>
2018-06-24 13:05:00,214 [10] DEBUG FirServer.Controllers.GatewayController [(null)] - action:user method:register data:{"username": "gudan", "password": "1234" }
2018-06-24 13:06:05,075 [21] DEBUG FirServer.Controllers.GatewayController [(null)] - action:user method:register data:{"username": "gudan", "password": "1234" }
2018-06-24 13:06:39,349 [1] INFO  FirServer.Common.MessageCenter [(null)] - Initialize Success!!!
2018-06-24 13:06:39,421 [1] INFO  FirServer.Common.ManagerCenter [(null)] - Initialize Success!!!
2018-06-24 13:06:39,424 [1] INFO  FirServer.Startup [(null)] - Startup.Configure------------------->>>>
2018-06-24 13:06:49,003 [11] DEBUG FirServer.Controllers.GatewayController [(null)] - action:user method:register data:{"username": "gudan", "password": "1234" }
2018-07-10 20:18:35,621 [1] INFO  FirServer.Common.MessageCenter [(null)] - Initialize Success!!!
2018-07-10 20:18:50,028 [1] INFO  FirServer.Common.MessageCenter [(null)] - Initialize Success!!!
2018-07-10 20:19:18,620 [1] INFO  FirServer.Common.MessageCenter [(null)] - Initialize Success!!!
2018-07-10 20:19:18,704 [1] INFO  FirServer.Common.ManagerCenter [(null)] - Initialize Success!!!
2018-07-10 20:19:18,707 [1] INFO  FirServer.Startup [(null)] - Startup.Configure------------------->>>>
2018-07-27 00:32:39,159 [1] INFO  FirServer.Common.MessageCenter [(null)] - Initialize Success!!!
2018-07-27 00:32:50,219 [1] INFO  FirServer.Common.MessageCenter [(null)] - Initialize Success!!!
2018-07-27 21:21:10,564 [1] INFO  FirServer.Common.MessageCenter [(null)] - Initialize Success!!!
2018-07-27 21:21:20,437 [1] INFO  FirServer.Common.MessageCenter [(null)] - Initialize Success!!!
2018-07-27 21:26:57,926 [1] INFO  FirServer.Common.MessageCenter [(null)] - Initialize Success!!!
2018-07-27 21:26:58,010 [1] INFO  FirServer.Common.ManagerCenter [(null)] - Initialize Success!!!
2018-07-27 21:26:58,017 [1] INFO  FirServer.Startup [(null)] - Startup.Configure------------------->>>>
2018-07-27 21:27:25,728 [1] INFO  FirServer.Common.MessageCenter [(null)] - Initialize Success!!!
2018-07-27 21:27:25,778 [1] INFO  FirServer.Common.ManagerCenter [(null)] - Initialize Success!!!
2018-07-27 21:27:25,788 [1] INFO  FirServer.Startup [(null)] - Startup.Configure------------------->>>>
2018-07-27 22:23:34,226 [1] INFO  FirServer.Common.MessageCenter [(null)] - Initialize Success!!!
2018-07-27 22:23:34,284 [1] INFO  FirServer.Common.ManagerCenter [(null)] - Initialize Success!!!
2018-07-27 22:23:34,286 [1] INFO  FirServer.Startup [(null)] - Startup.Configure------------------->>>>
2018-08-03 20:31:40,921 [1] INFO  FirServer.Program [(null)] - pfx:E:\Workspace\FishBird\fishbird_server\WebServer\server.pfx
2018-08-03 20:31:41,843 [1] INFO  FirServer.Common.MessageCenter [(null)] - Initialize Success!!!
2018-08-03 20:31:42,129 [1] INFO  FirServer.Common.ManagerCenter [(null)] - Initialize Success!!!
2018-08-03 20:31:42,131 [1] INFO  FirServer.Startup [(null)] - Startup.Configure------------------->>>>
2018-08-03 20:33:19,295 [1] INFO  FirServer.Program [(null)] - pfx:E:\Workspace\FishBird\fishbird_server\WebServer\server.pfx
2018-08-03 20:33:19,901 [1] INFO  FirServer.Common.MessageCenter [(null)] - Initialize Success!!!
2018-08-03 20:33:20,030 [1] INFO  FirServer.Common.ManagerCenter [(null)] - Initialize Success!!!
2018-08-03 20:33:20,033 [1] INFO  FirServer.Startup [(null)] - Startup.Configure------------------->>>>
2018-08-03 20:33:54,180 [1] INFO  FirServer.Program [(null)] - pfx:E:\Workspace\FishBird\fishbird_server\WebServer\server.pfx
2018-08-03 20:33:54,778 [1] INFO  FirServer.Common.MessageCenter [(null)] - Initialize Success!!!
2018-08-03 20:33:54,913 [1] INFO  FirServer.Common.ManagerCenter [(null)] - Initialize Success!!!
2018-08-03 20:33:54,915 [1] INFO  FirServer.Startup [(null)] - Startup.Configure------------------->>>>
2018-08-03 20:36:48,219 [1] INFO  FirServer.Program [(null)] - pfx:E:\Workspace\FishBird\fishbird_server\WebServer\server.pfx
2018-08-03 20:36:48,783 [1] INFO  FirServer.Common.MessageCenter [(null)] - Initialize Success!!!
2018-08-03 20:36:48,919 [1] INFO  FirServer.Common.ManagerCenter [(null)] - Initialize Success!!!
2018-08-03 20:36:48,922 [1] INFO  FirServer.Startup [(null)] - Startup.Configure------------------->>>>
2018-08-03 20:39:21,237 [1] INFO  FirServer.Program [(null)] - pfx:E:\Workspace\FishBird\fishbird_server\WebServer\server.pfx
2018-08-03 20:39:21,827 [1] INFO  FirServer.Common.MessageCenter [(null)] - Initialize Success!!!
2018-08-03 20:39:21,962 [1] INFO  FirServer.Common.ManagerCenter [(null)] - Initialize Success!!!
2018-08-03 20:39:21,964 [1] INFO  FirServer.Startup [(null)] - Startup.Configure------------------->>>>
2018-08-03 20:44:05,726 [1] INFO  FirServer.Program [(null)] - pfx:E:\Workspace\FishBird\fishbird_server\WebServer\server.pfx
2018-08-03 20:44:06,308 [1] INFO  FirServer.Common.MessageCenter [(null)] - Initialize Success!!!
2018-08-03 20:44:06,438 [1] INFO  FirServer.Common.ManagerCenter [(null)] - Initialize Success!!!
2018-08-03 20:44:06,441 [1] INFO  FirServer.Startup [(null)] - Startup.Configure------------------->>>>
2018-08-03 21:26:58,877 [1] INFO  FirServer.Program [(null)] - pfx:E:\Workspace\FishBird\fishbird_server\WebServer\server.pfx
2018-08-03 21:26:59,534 [1] INFO  FirServer.Common.MessageCenter [(null)] - Initialize Success!!!
2018-08-03 21:26:59,669 [1] INFO  FirServer.Common.ManagerCenter [(null)] - Initialize Success!!!
2018-08-03 21:26:59,672 [1] INFO  FirServer.Startup [(null)] - Startup.Configure------------------->>>>
2018-08-03 21:27:53,463 [1] INFO  FirServer.Program [(null)] - pfx:E:\Workspace\FishBird\fishbird_server\WebServer\server.pfx
2018-08-03 21:27:53,974 [1] INFO  FirServer.Common.MessageCenter [(null)] - Initialize Success!!!
2018-08-03 21:27:54,195 [1] INFO  FirServer.Common.ManagerCenter [(null)] - Initialize Success!!!
2018-08-03 21:27:54,198 [1] INFO  FirServer.Startup [(null)] - Startup.Configure------------------->>>>
2018-08-03 21:37:48,843 [1] INFO  FirServer.Program [(null)] - pfx:E:\Workspace\FishBird\fishbird_server\WebServer\server.pfx
2018-08-03 21:37:49,481 [1] INFO  FirServer.Common.MessageCenter [(null)] - Initialize Success!!!
2018-08-03 21:37:49,612 [1] INFO  FirServer.Common.ManagerCenter [(null)] - Initialize Success!!!
2018-08-03 21:37:49,615 [1] INFO  FirServer.Startup [(null)] - Startup.Configure------------------->>>>
2018-08-03 21:38:10,301 [1] INFO  FirServer.Program [(null)] - pfx:E:\Workspace\FishBird\fishbird_server\WebServer\server.pfx
2018-08-03 21:38:10,888 [1] INFO  FirServer.Common.MessageCenter [(null)] - Initialize Success!!!
2018-08-03 21:38:11,034 [1] INFO  FirServer.Common.ManagerCenter [(null)] - Initialize Success!!!
2018-08-03 21:38:11,036 [1] INFO  FirServer.Startup [(null)] - Startup.Configure------------------->>>>
2018-08-03 21:39:18,680 [1] INFO  FirServer.Program [(null)] - pfx:E:\Workspace\FishBird\fishbird_server\WebServer\server.pfx
2018-08-03 21:39:19,264 [1] INFO  FirServer.Common.MessageCenter [(null)] - Initialize Success!!!
2018-08-03 21:39:19,420 [1] INFO  FirServer.Common.ManagerCenter [(null)] - Initialize Success!!!
2018-08-03 21:39:19,425 [1] INFO  FirServer.Startup [(null)] - Startup.Configure------------------->>>>
2018-08-03 21:41:52,835 [1] INFO  FirServer.Program [(null)] - pfx:E:\Workspace\FishBird\fishbird_server\WebServer\server.pfx
2018-08-03 21:41:53,362 [1] INFO  FirServer.Common.MessageCenter [(null)] - Initialize Success!!!
2018-08-03 21:41:53,537 [1] INFO  FirServer.Common.ManagerCenter [(null)] - Initialize Success!!!
2018-08-03 21:41:53,540 [1] INFO  FirServer.Startup [(null)] - Startup.Configure------------------->>>>
2018-08-03 21:42:27,781 [1] INFO  FirServer.Program [(null)] - pfx:E:\Workspace\FishBird\fishbird_server\WebServer\server.pfx
2018-08-03 21:42:28,308 [1] INFO  FirServer.Common.MessageCenter [(null)] - Initialize Success!!!
2018-08-03 21:42:28,481 [1] INFO  FirServer.Common.ManagerCenter [(null)] - Initialize Success!!!
2018-08-03 21:42:28,483 [1] INFO  FirServer.Startup [(null)] - Startup.Configure------------------->>>>
2018-08-03 21:52:20,459 [1] INFO  FirServer.Program [(null)] - pfx:E:\Workspace\FishBird\fishbird_server\WebServer\server.pfx
2018-08-03 21:52:21,040 [1] INFO  FirServer.Common.MessageCenter [(null)] - Initialize Success!!!
2018-08-03 21:52:21,171 [1] INFO  FirServer.Common.ManagerCenter [(null)] - Initialize Success!!!
2018-08-03 21:52:21,173 [1] INFO  FirServer.Startup [(null)] - Startup.Configure------------------->>>>
2018-08-03 22:40:15,043 [1] INFO  FirServer.Program [(null)] - pfx:E:\Workspace\FishBird\fishbird_server\WebServer\server.pfx
2018-08-03 22:40:15,629 [1] INFO  FirServer.Common.MessageCenter [(null)] - Initialize Success!!!
2018-08-03 22:40:15,769 [1] INFO  FirServer.Common.ManagerCenter [(null)] - Initialize Success!!!
2018-08-03 22:40:15,771 [1] INFO  FirServer.Startup [(null)] - Startup.Configure------------------->>>>
2018-08-03 22:57:47,466 [1] INFO  FirServer.Program [(null)] - pfx:E:\Workspace\FishBird\fishbird_server\WebServer\server.pfx
2018-08-03 22:57:48,051 [1] INFO  FirServer.Common.MessageCenter [(null)] - Initialize Success!!!
2018-08-03 22:57:48,203 [1] INFO  FirServer.Common.ManagerCenter [(null)] - Initialize Success!!!
2018-08-03 22:57:48,206 [1] INFO  FirServer.Startup [(null)] - Startup.Configure------------------->>>>
2018-08-03 23:29:01,536 [1] INFO  FirServer.Program [(null)] - pfx:E:\Workspace\FishBird\fishbird_server\WebServer\server.pfx
2018-08-03 23:29:02,122 [1] INFO  FirServer.Common.MessageCenter [(null)] - Initialize Success!!!
2018-08-03 23:29:02,263 [1] INFO  FirServer.Common.ManagerCenter [(null)] - Initialize Success!!!
2018-08-03 23:29:02,265 [1] INFO  FirServer.Startup [(null)] - Startup.Configure------------------->>>>
2018-08-03 23:30:12,322 [1] INFO  FirServer.Program [(null)] - pfx:E:\Workspace\FishBird\fishbird_server\WebServer\server.pfx
2018-08-03 23:30:13,080 [1] INFO  FirServer.Common.MessageCenter [(null)] - Initialize Success!!!
2018-08-03 23:30:13,224 [1] INFO  FirServer.Common.ManagerCenter [(null)] - Initialize Success!!!
2018-08-03 23:30:13,227 [1] INFO  FirServer.Startup [(null)] - Startup.Configure------------------->>>>
2018-08-04 08:29:37,533 [1] INFO  FirServer.Program [(null)] - pfx:E:\Workspace\FishBird\fishbird_server\WebServer\server.pfx
2018-08-04 08:29:38,674 [1] INFO  FirServer.Common.MessageCenter [(null)] - Initialize Success!!!
2018-08-04 08:29:38,887 [1] INFO  FirServer.Common.ManagerCenter [(null)] - Initialize Success!!!
2018-08-04 08:29:38,891 [1] INFO  FirServer.Startup [(null)] - Startup.Configure------------------->>>>
2018-08-04 08:29:42,866 [16] INFO  FirServer.Managers.DataManager [(null)] - strsql:select * from user
2018-08-04 08:30:12,976 [1] INFO  FirServer.Program [(null)] - pfx:E:\Workspace\FishBird\fishbird_server\WebServer\server.pfx
2018-08-04 08:30:13,566 [1] INFO  FirServer.Common.MessageCenter [(null)] - Initialize Success!!!
2018-08-04 08:30:13,705 [1] INFO  FirServer.Common.ManagerCenter [(null)] - Initialize Success!!!
2018-08-04 08:30:13,708 [1] INFO  FirServer.Startup [(null)] - Startup.Configure------------------->>>>
2018-08-04 08:31:26,752 [1] INFO  FirServer.Program [(null)] - pfx:E:\Workspace\FishBird\fishbird_server\WebServer\server.pfx
2018-08-04 08:31:27,347 [1] INFO  FirServer.Common.MessageCenter [(null)] - Initialize Success!!!
2018-08-04 08:31:27,480 [1] INFO  FirServer.Common.ManagerCenter [(null)] - Initialize Success!!!
2018-08-04 08:31:27,482 [1] INFO  FirServer.Startup [(null)] - Startup.Configure------------------->>>>
2018-08-04 08:31:37,023 [6] INFO  FirServer.Managers.DataManager [(null)] - strsql:select * from user
2018-08-04 08:33:13,525 [1] INFO  FirServer.Program [(null)] - pfx:E:\Workspace\FishBird\fishbird_server\WebServer\server.pfx
2018-08-04 08:33:14,091 [1] INFO  FirServer.Common.MessageCenter [(null)] - Initialize Success!!!
2018-08-04 08:33:14,226 [1] INFO  FirServer.Common.ManagerCenter [(null)] - Initialize Success!!!
2018-08-04 08:33:14,229 [1] INFO  FirServer.Startup [(null)] - Startup.Configure------------------->>>>
2018-08-04 08:33:21,001 [7] INFO  FirServer.Managers.DataManager [(null)] - strsql:select * from user
2018-08-04 08:34:44,313 [1] INFO  FirServer.Program [(null)] - pfx:E:\Workspace\FishBird\fishbird_server\WebServer\server.pfx
2018-08-04 08:34:44,894 [1] INFO  FirServer.Common.MessageCenter [(null)] - Initialize Success!!!
2018-08-04 08:34:45,029 [1] INFO  FirServer.Common.ManagerCenter [(null)] - Initialize Success!!!
2018-08-04 08:34:45,032 [1] INFO  FirServer.Startup [(null)] - Startup.Configure------------------->>>>
2018-08-04 08:34:51,670 [11] INFO  FirServer.Managers.DataManager [(null)] - strsql:select * from user
2018-08-04 08:36:53,148 [1] INFO  FirServer.Program [(null)] - pfx:E:\Workspace\FishBird\fishbird_server\WebServer\server.pfx
2018-08-04 08:36:53,756 [1] INFO  FirServer.Common.MessageCenter [(null)] - Initialize Success!!!
2018-08-04 08:36:53,914 [1] INFO  FirServer.Common.ManagerCenter [(null)] - Initialize Success!!!
2018-08-04 08:36:53,920 [1] INFO  FirServer.Startup [(null)] - Startup.Configure------------------->>>>
2018-08-04 08:37:00,100 [6] INFO  FirServer.Managers.DataManager [(null)] - strsql:select * from user
2018-08-04 08:37:00,151 [10] INFO  FirServer.Managers.DataManager [(null)] - strsql:select * from user
2018-08-04 08:37:00,207 [11] INFO  FirServer.Managers.DataManager [(null)] - strsql:select * from user
2018-08-04 08:37:00,307 [20] INFO  FirServer.Managers.DataManager [(null)] - strsql:select * from user
2018-08-04 08:37:00,372 [7] INFO  FirServer.Managers.DataManager [(null)] - strsql:select * from user
2018-08-04 08:37:00,461 [20] INFO  FirServer.Managers.DataManager [(null)] - strsql:select * from user
2018-08-04 08:37:12,004 [20] INFO  FirServer.Managers.DataManager [(null)] - strsql:select * from user
2018-08-04 08:37:12,741 [11] INFO  FirServer.Managers.DataManager [(null)] - strsql:select * from user
2018-08-04 08:37:13,537 [20] INFO  FirServer.Managers.DataManager [(null)] - strsql:select * from user
2018-08-04 08:37:14,082 [7] INFO  FirServer.Managers.DataManager [(null)] - strsql:select * from user
2018-08-04 08:37:14,577 [11] INFO  FirServer.Managers.DataManager [(null)] - strsql:select * from user
2018-08-04 08:37:14,749 [20] INFO  FirServer.Managers.DataManager [(null)] - strsql:select * from user
2018-08-04 08:37:22,100 [20] INFO  FirServer.Managers.DataManager [(null)] - strsql:select * from user
2018-08-04 08:37:24,568 [11] INFO  FirServer.Managers.DataManager [(null)] - strsql:select * from user
2018-08-04 08:37:31,827 [20] INFO  FirServer.Managers.DataManager [(null)] - strsql:select * from user
2018-08-04 08:37:31,889 [6] INFO  FirServer.Managers.DataManager [(null)] - strsql:select * from user
2018-08-04 08:37:31,984 [11] INFO  FirServer.Managers.DataManager [(null)] - strsql:select * from user
2018-08-04 08:37:32,049 [6] INFO  FirServer.Managers.DataManager [(null)] - strsql:select * from user
2018-08-04 08:37:32,114 [20] INFO  FirServer.Managers.DataManager [(null)] - strsql:select * from user
2018-08-04 08:38:18,714 [1] INFO  FirServer.Program [(null)] - pfx:E:\Workspace\FishBird\fishbird_server\WebServer\server.pfx
2018-08-04 08:38:19,349 [1] INFO  FirServer.Common.MessageCenter [(null)] - Initialize Success!!!
2018-08-04 08:38:19,498 [1] INFO  FirServer.Common.ManagerCenter [(null)] - Initialize Success!!!
2018-08-04 08:38:19,501 [1] INFO  FirServer.Startup [(null)] - Startup.Configure------------------->>>>
2018-08-04 08:38:25,058 [11] INFO  FirServer.Managers.DataManager [(null)] - strsql:select * from user
2018-08-04 08:38:25,125 [10] INFO  FirServer.Managers.DataManager [(null)] - strsql:select * from user
2018-08-04 08:38:25,158 [16] INFO  FirServer.Managers.DataManager [(null)] - strsql:select * from user
2018-08-04 08:38:25,262 [10] INFO  FirServer.Managers.DataManager [(null)] - strsql:select * from user
2018-08-04 08:38:25,360 [16] INFO  FirServer.Managers.DataManager [(null)] - strsql:select * from user
2018-08-04 08:45:31,612 [1] INFO  FirServer.Program [(null)] - pfx:E:\Workspace\FishBird\fishbird_server\WebServer\server.pfx
2018-08-04 08:45:32,263 [1] INFO  FirServer.Common.MessageCenter [(null)] - Initialize Success!!!
2018-08-04 08:45:32,406 [1] INFO  FirServer.Common.ManagerCenter [(null)] - Initialize Success!!!
2018-08-04 08:45:32,409 [1] INFO  FirServer.Startup [(null)] - Startup.Configure------------------->>>>
2018-08-04 08:45:40,752 [10] INFO  FirServer.Managers.DataManager [(null)] - strsql:select * from user
2018-08-04 08:45:40,803 [6] INFO  FirServer.Managers.DataManager [(null)] - strsql:select * from user
2018-08-04 08:45:40,843 [16] INFO  FirServer.Managers.DataManager [(null)] - strsql:select * from user
2018-08-04 08:45:40,908 [6] INFO  FirServer.Managers.DataManager [(null)] - strsql:select * from user
2018-08-04 08:45:40,947 [11] INFO  FirServer.Managers.DataManager [(null)] - strsql:select * from user
2018-08-04 08:45:41,106 [16] INFO  FirServer.Managers.DataManager [(null)] - strsql:select * from user
2018-08-04 08:45:42,695 [11] INFO  FirServer.Managers.DataManager [(null)] - strsql:select * from user
2018-08-04 08:45:43,912 [11] INFO  FirServer.Managers.DataManager [(null)] - strsql:select * from user
2018-08-04 08:46:24,339 [1] INFO  FirServer.Program [(null)] - pfx:E:\Workspace\FishBird\fishbird_server\WebServer\server.pfx
2018-08-04 08:46:25,036 [1] INFO  FirServer.Common.MessageCenter [(null)] - Initialize Success!!!
2018-08-04 08:46:25,176 [1] INFO  FirServer.Common.ManagerCenter [(null)] - Initialize Success!!!
2018-08-04 08:46:25,179 [1] INFO  FirServer.Startup [(null)] - Startup.Configure------------------->>>>
2018-08-04 08:46:28,940 [6] INFO  FirServer.Managers.DataManager [(null)] - strsql:select * from user
2018-08-04 08:46:29,036 [11] INFO  FirServer.Managers.DataManager [(null)] - strsql:select * from user
2018-08-04 08:46:29,088 [16] INFO  FirServer.Managers.DataManager [(null)] - strsql:select * from user
2018-08-04 08:46:29,175 [11] INFO  FirServer.Managers.DataManager [(null)] - strsql:select * from user
2018-08-04 08:46:30,186 [6] INFO  FirServer.Managers.DataManager [(null)] - strsql:select * from user
2018-08-04 08:46:30,205 [16] INFO  FirServer.Managers.DataManager [(null)] - strsql:select * from user
2018-08-04 08:46:30,318 [11] INFO  FirServer.Managers.DataManager [(null)] - strsql:select * from user
2018-08-04 08:46:30,404 [10] INFO  FirServer.Managers.DataManager [(null)] - strsql:select * from user
2018-08-04 08:46:30,457 [16] INFO  FirServer.Managers.DataManager [(null)] - strsql:select * from user
2018-08-04 08:46:30,556 [16] INFO  FirServer.Managers.DataManager [(null)] - strsql:select * from user
2018-08-04 08:46:32,387 [16] INFO  FirServer.Managers.DataManager [(null)] - strsql:select * from user
2018-08-04 08:46:33,659 [16] INFO  FirServer.Managers.DataManager [(null)] - strsql:select * from user
2018-08-04 08:46:48,812 [1] INFO  FirServer.Program [(null)] - pfx:E:\Workspace\FishBird\fishbird_server\WebServer\server.pfx
2018-08-04 08:46:49,426 [1] INFO  FirServer.Common.MessageCenter [(null)] - Initialize Success!!!
2018-08-04 08:46:49,575 [1] INFO  FirServer.Common.ManagerCenter [(null)] - Initialize Success!!!
2018-08-04 08:46:49,578 [1] INFO  FirServer.Startup [(null)] - Startup.Configure------------------->>>>
2018-08-04 08:46:55,902 [11] INFO  FirServer.Managers.DataManager [(null)] - strsql:select * from user
2018-08-04 08:46:55,960 [20] INFO  FirServer.Managers.DataManager [(null)] - strsql:select * from user
2018-08-04 08:46:55,987 [11] INFO  FirServer.Managers.DataManager [(null)] - strsql:select * from user
2018-08-04 08:46:56,048 [10] INFO  FirServer.Managers.DataManager [(null)] - strsql:select * from user
2018-08-04 08:46:56,126 [11] INFO  FirServer.Managers.DataManager [(null)] - strsql:select * from user
2018-08-04 08:46:56,209 [11] INFO  FirServer.Managers.DataManager [(null)] - strsql:select * from user
2018-08-04 08:46:58,154 [20] INFO  FirServer.Managers.DataManager [(null)] - strsql:select * from user
2018-08-04 08:47:16,211 [1] INFO  FirServer.Program [(null)] - pfx:E:\Workspace\FishBird\fishbird_server\WebServer\server.pfx
2018-08-04 08:47:16,834 [1] INFO  FirServer.Common.MessageCenter [(null)] - Initialize Success!!!
2018-08-04 08:47:16,987 [1] INFO  FirServer.Common.ManagerCenter [(null)] - Initialize Success!!!
2018-08-04 08:47:16,990 [1] INFO  FirServer.Startup [(null)] - Startup.Configure------------------->>>>
2018-08-04 08:47:22,248 [7] INFO  FirServer.Managers.DataManager [(null)] - strsql:select * from user
2018-08-04 08:47:22,297 [16] INFO  FirServer.Managers.DataManager [(null)] - strsql:select * from user
2018-08-04 08:47:22,360 [11] INFO  FirServer.Managers.DataManager [(null)] - strsql:select * from user
2018-08-04 08:47:22,418 [10] INFO  FirServer.Managers.DataManager [(null)] - strsql:select * from user
2018-08-04 08:47:22,499 [16] INFO  FirServer.Managers.DataManager [(null)] - strsql:select * from user
2018-08-04 08:47:22,651 [11] INFO  FirServer.Managers.DataManager [(null)] - strsql:select * from user
2018-08-04 08:47:24,316 [11] INFO  FirServer.Managers.DataManager [(null)] - strsql:select * from user
2018-08-04 16:18:47,552 [1] INFO  FirServer.Program [(null)] - pfx:E:\Workspace\FishBird\fishbird_server\WebServer\server.pfx
2018-08-04 16:18:48,205 [1] INFO  FirServer.Common.MessageCenter [(null)] - Initialize Success!!!
2018-08-04 16:18:48,347 [1] INFO  FirServer.Common.ManagerCenter [(null)] - Initialize Success!!!
2018-08-04 16:18:48,350 [1] INFO  FirServer.Startup [(null)] - Startup.Configure------------------->>>>
2018-08-04 16:20:16,635 [1] INFO  FirServer.Program [(null)] - pfx:E:\Workspace\FishBird\fishbird_server\WebServer\server.pfx
2018-08-04 16:20:17,201 [1] INFO  FirServer.Common.MessageCenter [(null)] - Initialize Success!!!
2018-08-04 16:20:17,348 [1] INFO  FirServer.Common.ManagerCenter [(null)] - Initialize Success!!!
2018-08-04 16:20:17,351 [1] INFO  FirServer.Startup [(null)] - Startup.Configure------------------->>>>
2018-08-04 16:24:10,398 [1] INFO  FirServer.Program [(null)] - pfx:E:\Workspace\FishBird\fishbird_server\WebServer\server.pfx
2018-08-04 16:24:10,951 [1] INFO  FirServer.Common.MessageCenter [(null)] - Initialize Success!!!
2018-08-04 16:24:11,096 [1] INFO  FirServer.Common.ManagerCenter [(null)] - Initialize Success!!!
2018-08-04 16:24:11,099 [1] INFO  FirServer.Startup [(null)] - Startup.Configure------------------->>>>
2018-08-04 16:26:05,315 [1] INFO  FirServer.Program [(null)] - pfx:E:\Workspace\FishBird\fishbird_server\WebServer\server.pfx
2018-08-04 16:26:05,908 [1] INFO  FirServer.Common.MessageCenter [(null)] - Initialize Success!!!
2018-08-04 16:26:06,045 [1] INFO  FirServer.Common.ManagerCenter [(null)] - Initialize Success!!!
2018-08-04 16:26:06,048 [1] INFO  FirServer.Startup [(null)] - Startup.Configure------------------->>>>
2018-08-04 16:29:37,920 [1] INFO  FirServer.Program [(null)] - pfx:E:\Workspace\FishBird\fishbird_server\WebServer\server.pfx
2018-08-04 16:29:38,494 [1] INFO  FirServer.Common.MessageCenter [(null)] - Initialize Success!!!
2018-08-04 16:29:38,632 [1] INFO  FirServer.Common.ManagerCenter [(null)] - Initialize Success!!!
2018-08-04 16:29:38,635 [1] INFO  FirServer.Startup [(null)] - Startup.Configure------------------->>>>
2018-08-04 16:43:55,126 [1] INFO  FirServer.Program [(null)] - pfx:E:\Workspace\FishBird\fishbird_server\WebServer\server.pfx
2018-08-04 16:43:55,736 [1] INFO  FirServer.Common.MessageCenter [(null)] - Initialize Success!!!
2018-08-04 16:43:55,945 [1] INFO  FirServer.Common.ManagerCenter [(null)] - Initialize Success!!!
2018-08-04 16:43:55,948 [1] INFO  FirServer.Startup [(null)] - Startup.Configure------------------->>>>
2018-08-04 16:45:33,108 [1] INFO  FirServer.Program [(null)] - pfx:E:\Workspace\FishBird\fishbird_server\WebServer\server.pfx
2018-08-04 16:45:33,705 [1] INFO  FirServer.Common.MessageCenter [(null)] - Initialize Success!!!
2018-08-04 16:45:33,841 [1] INFO  FirServer.Common.ManagerCenter [(null)] - Initialize Success!!!
2018-08-04 16:45:33,844 [1] INFO  FirServer.Startup [(null)] - Startup.Configure------------------->>>>
2018-08-04 16:52:26,182 [1] INFO  FirServer.Program [(null)] - pfx:E:\Workspace\FishBird\fishbird_server\WebServer\server.pfx
2018-08-04 16:52:26,762 [1] INFO  FirServer.Common.MessageCenter [(null)] - Initialize Success!!!
2018-08-04 16:52:26,902 [1] INFO  FirServer.Common.ManagerCenter [(null)] - Initialize Success!!!
2018-08-04 16:52:26,904 [1] INFO  FirServer.Startup [(null)] - Startup.Configure------------------->>>>
2018-08-04 16:52:57,309 [16] INFO  FirServer.Managers.DataManager [(null)] - strsql:select * from user
2018-08-10 11:26:12,420 [1] INFO  WebServer.Program [(null)] - pfx:E:\workspace\FirFramework\FirServer\WebServer\server.pfx
2018-08-10 11:26:13,239 [1] INFO  FirServer.Common.MessageCenter [(null)] - Initialize Success!!!
